<?xml version="1.0" encoding="UTF-8"?>
<!-- Generated by org.testng.reporters.JUnitReportReporter -->
<testsuite hostname="LAPTOP-SP9DSEP8" failures="0" tests="1" name="testPackage.TC_SearchUser" time="3.507" errors="0" timestamp="19 Nov 2021 12:19:35 GMT" skipped="0">
  <testcase classname="testPackage.TC_SearchUser" name="TestClass" time="3.507"/>
</testsuite> <!-- testPackage.TC_SearchUser -->
